<?xml version="1.0" encoding="UTF-8"?>
<!-- Generated by org.testng.reporters.JUnitReportReporter -->
<testsuite skipped="0" hostname="DESKTOP-U99CFGD" name="com.crm.qa.testCases.HomePageTests" tests="3" failures="0" timestamp="27 Jul 2018 12:40:35 GMT" time="77.778" errors="0">
  <testcase name="veriifyHomePageTitleTest" time="27.479" classname="com.crm.qa.testCases.HomePageTests"/>
  <testcase name="verifyCorrectuserNameTest" time="25.477" classname="com.crm.qa.testCases.HomePageTests"/>
  <testcase name="verifyContactsLinkTest" time="24.822" classname="com.crm.qa.testCases.HomePageTests"/>
</testsuite> <!-- com.crm.qa.testCases.HomePageTests -->
