<?xml version="1.0" encoding="UTF-8"?>
<!-- Generated by org.testng.reporters.JUnitReportReporter -->
<testsuite skipped="0" hostname="DESKTOP-U99CFGD" name="selenium.ExceptionTimeOutTest" tests="1" failures="0" timestamp="15 Jun 2018 02:30:13 GMT" time="0.010" errors="0">
  <testcase name="test1" time="0.010" classname="selenium.ExceptionTimeOutTest"/>
</testsuite> <!-- selenium.ExceptionTimeOutTest -->
