<?xml version="1.0" encoding="UTF-8"?>
<!-- Generated by org.testng.reporters.JUnitReportReporter -->
<testsuite skipped="0" hostname="DESKTOP-U99CFGD" name="com.crm.qa.testCases.LoginPageTest" tests="3" failures="0" timestamp="27 Jul 2018 12:40:35 GMT" time="51.102" errors="0">
  <testcase name="loginPageTitleTest" time="10.535" classname="com.crm.qa.testCases.LoginPageTest"/>
  <testcase name="crmLogoImageTest" time="13.065" classname="com.crm.qa.testCases.LoginPageTest"/>
  <testcase name="loginTest" time="27.502" classname="com.crm.qa.testCases.LoginPageTest"/>
</testsuite> <!-- com.crm.qa.testCases.LoginPageTest -->
