<?xml version="1.0" encoding="UTF-8"?>
<!-- Generated by org.testng.reporters.JUnitReportReporter -->
<testsuite skipped="0" hostname="DESKTOP-U99CFGD" name="com.crm.qa.testCases.ContactsPageTest" tests="8" failures="0" timestamp="18 Jul 2018 15:37:59 GMT" time="202.092" errors="0">
  <testcase name="verifyContactsPageLable" time="19.104" classname="com.crm.qa.testCases.ContactsPageTest"/>
  <testcase name="selectContactsTest" time="25.760" classname="com.crm.qa.testCases.ContactsPageTest"/>
  <testcase name="selectContactsTest2" time="22.858" classname="com.crm.qa.testCases.ContactsPageTest"/>
  <testcase name="validateCreateNewContact" time="26.913" classname="com.crm.qa.testCases.ContactsPageTest"/>
  <testcase name="validateCreateNewContact" time="30.817" classname="com.crm.qa.testCases.ContactsPageTest"/>
  <testcase name="validateCreateNewContact" time="25.412" classname="com.crm.qa.testCases.ContactsPageTest"/>
  <testcase name="validateCreateNewContact" time="27.873" classname="com.crm.qa.testCases.ContactsPageTest"/>
  <testcase name="validateCreateNewContact" time="23.355" classname="com.crm.qa.testCases.ContactsPageTest"/>
</testsuite> <!-- com.crm.qa.testCases.ContactsPageTest -->
