<?xml version="1.0" encoding="UTF-8"?>
<!-- Generated by org.testng.reporters.JUnitReportReporter -->
<testsuite skipped="0" hostname="DESKTOP-U99CFGD" name="com.crm.qa.testCases.LoginPageTest" tests="3" failures="0" timestamp="18 Jul 2018 15:37:59 GMT" time="41.777" errors="0">
  <testcase name="loginPageTitleTest" time="9.277" classname="com.crm.qa.testCases.LoginPageTest"/>
  <testcase name="crmLogoImageTest" time="9.706" classname="com.crm.qa.testCases.LoginPageTest"/>
  <testcase name="loginTest" time="22.794" classname="com.crm.qa.testCases.LoginPageTest"/>
</testsuite> <!-- com.crm.qa.testCases.LoginPageTest -->
