<?xml version="1.0" encoding="UTF-8"?>
<!-- Generated by org.testng.reporters.JUnitReportReporter -->
<testsuite skipped="0" hostname="DESKTOP-U99CFGD" name="com.crm.qa.testCases.ContactsPageTest" tests="1" failures="0" timestamp="27 Jul 2018 08:40:04 GMT" time="26.487" errors="0">
  <testcase name="verifyContactsPageLable" time="26.487" classname="com.crm.qa.testCases.ContactsPageTest"/>
</testsuite> <!-- com.crm.qa.testCases.ContactsPageTest -->
