<?xml version="1.0" encoding="UTF-8"?>
<!-- Generated by org.testng.reporters.JUnitReportReporter -->
<testsuite skipped="0" hostname="DESKTOP-U99CFGD" name="com.crm.qa.testCases.LoginPageTest" tests="1" failures="0" timestamp="27 Jul 2018 08:40:04 GMT" time="8.750" errors="0">
  <testcase name="loginPageTitleTest" time="8.750" classname="com.crm.qa.testCases.LoginPageTest"/>
</testsuite> <!-- com.crm.qa.testCases.LoginPageTest -->
