<?xml version="1.0" encoding="UTF-8"?>
<!-- Generated by org.testng.reporters.JUnitReportReporter -->
<testsuite skipped="0" hostname="DESKTOP-U99CFGD" name="com.crm.qa.testCases.ContactsPageTest" tests="1" failures="0" timestamp="19 Jul 2018 01:47:32 GMT" time="27.653" errors="0">
  <testcase name="verifyContactsPageLable" time="27.653" classname="com.crm.qa.testCases.ContactsPageTest"/>
</testsuite> <!-- com.crm.qa.testCases.ContactsPageTest -->
